c:\users\seonguk\documents\myproject\c++_gameprograming\cpp_study\cpp_study\debug\vc143.pdb
c:\users\seonguk\documents\myproject\c++_gameprograming\cpp_study\cpp_study\debug\vc143.idb
c:\users\seonguk\documents\myproject\c++_gameprograming\cpp_study\cpp_study\debug\13_function(1).obj
c:\users\seonguk\documents\myproject\c++_gameprograming\cpp_study\cpp_study\debug\14_localvariable.obj
c:\users\seonguk\documents\myproject\c++_gameprograming\cpp_study\cpp_study\debug\20_pointer_exercise.obj
c:\users\seonguk\documents\myproject\c++_gameprograming\cpp_study\cpp_study\debug\21_reference.obj
c:\users\seonguk\documents\myproject\c++_gameprograming\cpp_study\cpp_study\debug\22_pointer_vs_reference.obj
c:\users\seonguk\documents\myproject\c++_gameprograming\cpp_study\cpp_study\debug\23_array.obj
c:\users\seonguk\documents\myproject\c++_gameprograming\cpp_study\cpp_study\debug\24_pointer_vs_array.obj
c:\users\seonguk\documents\myproject\c++_gameprograming\cpp_study\cpp_study\debug\25_lottory_number_constructor.obj
c:\users\seonguk\documents\myproject\c++_gameprograming\cpp_study\cpp_study\debug\26_multi_pointer.obj
c:\users\seonguk\documents\myproject\c++_gameprograming\cpp_study\cpp_study\debug\27_multi_array.obj
c:\users\seonguk\documents\myproject\c++_gameprograming\cpp_study\cpp_study\debug\28_pointer_finish.obj
c:\users\seonguk\documents\myproject\c++_gameprograming\cpp_study\cpp_study\debug\29_textrpg_with_pointer.obj
c:\users\seonguk\documents\myproject\c++_gameprograming\cpp_study\cpp_study\debug\30_pointer_exercise.obj
c:\users\seonguk\documents\myproject\c++_gameprograming\cpp_study\cpp_study\debug\31_pointer_exercise_2.obj
c:\users\seonguk\documents\myproject\c++_gameprograming\cpp_study\cpp_study\debug\31_pointer_exercise_2_review.obj
c:\users\seonguk\documents\myproject\c++_gameprograming\cpp_study\cpp_study\debug\32_test_1.obj
c:\users\seonguk\documents\myproject\c++_gameprograming\cpp_study\cpp_study\debug\32_file_split_management.obj
c:\users\seonguk\documents\myproject\c++_gameprograming\cpp_study\cpp_study\debug\33_opening_oop.obj
c:\users\seonguk\documents\myproject\c++_gameprograming\cpp_study\cpp_study\debug\35_oop_inheritance.obj
c:\users\seonguk\documents\myproject\c++_gameprograming\cpp_study\cpp_study\debug\40_oop_closing.obj
c:\users\seonguk\documents\myproject\c++_gameprograming\cpp_study\cpp_study\debug\41_dynamic_allocation.obj
c:\users\seonguk\documents\myproject\c++_gameprograming\cpp_study\cpp_study\debug\42_type_conversion.obj
c:\users\seonguk\documents\myproject\c++_gameprograming\cpp_study\cpp_study\debug\43_type_conversion_pointer.obj
c:\users\seonguk\documents\myproject\c++_gameprograming\cpp_study\cpp_study\debug\44_copy.obj
c:\users\seonguk\documents\myproject\c++_gameprograming\cpp_study\cpp_study\debug\45_casting.obj
c:\users\seonguk\documents\myproject\c++_gameprograming\cpp_study\cpp_study\debug\37_oop_polymorphism.obj
c:\users\seonguk\documents\myproject\c++_gameprograming\cpp_study\cpp_study\debug\46_player.obj
c:\users\seonguk\documents\myproject\c++_gameprograming\cpp_study\cpp_study\debug\46_game.obj
c:\users\seonguk\documents\myproject\c++_gameprograming\cpp_study\cpp_study\debug\46_creature.obj
c:\users\seonguk\documents\myproject\c++_gameprograming\cpp_study\cpp_study\debug\46_textrpg_oop.obj
c:\users\seonguk\documents\myproject\c++_gameprograming\cpp_study\cpp_study\debug\46_monster.obj
c:\users\seonguk\documents\myproject\c++_gameprograming\cpp_study\cpp_study\debug\46_field.obj
c:\users\seonguk\documents\myproject\c++_gameprograming\cpp_study\cpp_study\debug\48_debugging.obj
c:\users\seonguk\documents\myproject\c++_gameprograming\cpp_study\cpp_study\debug\49_function_pointer.obj
c:\users\seonguk\documents\myproject\c++_gameprograming\cpp_study\cpp_study\debug\50_funcion_pointer_2.obj
c:\users\seonguk\documents\myproject\c++_gameprograming\cpp_study\cpp_study\debug\51_funcion_object.obj
c:\users\seonguk\documents\myproject\c++_gameprograming\cpp_study\cpp_study\debug\52_template(1).obj
c:\users\seonguk\documents\myproject\c++_gameprograming\cpp_study\cpp_study\debug\53_templaye(2).obj
c:\users\seonguk\documents\myproject\c++_gameprograming\cpp_study\cpp_study\debug\54_callback.obj
c:\users\seonguk\documents\myproject\c++_gameprograming\cpp_study\cpp_study\debug\55_vector(1).obj
c:\users\seonguk\documents\myproject\c++_gameprograming\cpp_study\cpp_study\debug\56_vector(2).obj
c:\users\seonguk\documents\myproject\c++_gameprograming\cpp_study\cpp_study\debug\57_vector(3).obj
c:\users\seonguk\documents\myproject\c++_gameprograming\cpp_study\cpp_study\debug\58_list(1).obj
c:\users\seonguk\documents\myproject\c++_gameprograming\cpp_study\cpp_study\debug\59_list(2).obj
c:\users\seonguk\documents\myproject\c++_gameprograming\cpp_study\cpp_study\debug\60_deque.obj
c:\users\seonguk\documents\myproject\c++_gameprograming\cpp_study\cpp_study\debug\61_map.obj
c:\users\seonguk\documents\myproject\c++_gameprograming\cpp_study\cpp_study\debug\62_set,multimap,multiset.obj
c:\users\seonguk\documents\myproject\c++_gameprograming\cpp_study\cpp_study\debug\64_algorithm.obj
c:\users\seonguk\documents\myproject\c++_gameprograming\cpp_study\cpp_study\debug\65_auto.obj
c:\users\seonguk\documents\myproject\c++_gameprograming\cpp_study\cpp_study\debug\67_nullptr.obj
c:\users\seonguk\documents\myproject\c++_gameprograming\cpp_study\cpp_study\debug\71_override_final.obj
c:\users\seonguk\documents\myproject\c++_gameprograming\cpp_study\cpp_study\debug\72_rvalue.obj
c:\users\seonguk\documents\myproject\c++_gameprograming\cpp_study\debug\cpp_study.exe
c:\users\seonguk\documents\myproject\c++_gameprograming\cpp_study\cpp_study\debug\cpp_study.ilk
c:\users\seonguk\documents\myproject\c++_gameprograming\cpp_study\debug\cpp_study.pdb
c:\users\seonguk\documents\myproject\c++_gameprograming\cpp_study\cpp_study\debug\38_initialize_list.obj
c:\users\seonguk\documents\myproject\c++_gameprograming\cpp_study\cpp_study\debug\39_operator_overloading.obj
c:\users\seonguk\documents\myproject\c++_gameprograming\cpp_study\cpp_study\debug\creature.obj
c:\users\seonguk\documents\myproject\c++_gameprograming\cpp_study\cpp_study\debug\ex) testrpg.obj
c:\users\seonguk\documents\myproject\c++_gameprograming\cpp_study\cpp_study\debug\field.obj
c:\users\seonguk\documents\myproject\c++_gameprograming\cpp_study\cpp_study\debug\game.obj
c:\users\seonguk\documents\myproject\c++_gameprograming\cpp_study\cpp_study\debug\main.obj
c:\users\seonguk\documents\myproject\c++_gameprograming\cpp_study\cpp_study\debug\monster.obj
c:\users\seonguk\documents\myproject\c++_gameprograming\cpp_study\cpp_study\debug\player.obj
c:\users\seonguk\documents\myproject\c++_gameprograming\cpp_study\cpp_study\debug\practice.obj
c:\users\seonguk\documents\myproject\c++_gameprograming\cpp_study\cpp_study\debug\30_pointer_exercise.obj.enc
c:\users\seonguk\documents\myproject\c++_gameprograming\cpp_study\cpp_study\debug\cpp_study.tlog\cl.command.1.tlog
c:\users\seonguk\documents\myproject\c++_gameprograming\cpp_study\cpp_study\debug\cpp_study.tlog\cl.read.1.tlog
c:\users\seonguk\documents\myproject\c++_gameprograming\cpp_study\cpp_study\debug\cpp_study.tlog\cl.write.1.tlog
c:\users\seonguk\documents\myproject\c++_gameprograming\cpp_study\cpp_study\debug\cpp_study.tlog\link.command.1.tlog
c:\users\seonguk\documents\myproject\c++_gameprograming\cpp_study\cpp_study\debug\cpp_study.tlog\link.read.1.tlog
c:\users\seonguk\documents\myproject\c++_gameprograming\cpp_study\cpp_study\debug\cpp_study.tlog\link.write.1.tlog
